Arguments: 
  D:\software\node\node.exe C:\Users\oliver.xu\AppData\Roaming\npm\node_modules\yarn\bin\yarn.js

PATH: 
  C:\Windows\system32;C:\Windows;C:\Windows\System32\Wbem;C:\Windows\System32\WindowsPowerShell\v1.0\;C:\Windows\System32\OpenSSH\;D:\software\node\;C:\ProgramData\chocolatey\bin;D:\software\Git\cmd;D:\software\xftp7\;D:\software\xshell7\;C:\Program Files (x86)\IncrediBuild;D:\software\Miniconda\Scripts;D:\software\Miniconda;C:\Users\oliver.xu\.cargo\bin;C:\Users\oliver.xu\AppData\Local\Microsoft\WindowsApps;C:\Users\oliver.xu\AppData\Roaming\npm;D:\software\Microsoft VS Code\bin;D:\software\bandizip\;D:\software\WebStorm 2020.3.3\bin;;D:\software\DevEco Studio\bin;;

Yarn version: 
  1.22.10

Node version: 
  14.16.0

Platform: 
  win32 x64

Trace: 
  SyntaxError: D:\Code\learning\字节青训营2022\qinfuwu\package.json: Unexpected token } in JSON at position 401
      at JSON.parse (<anonymous>)
      at C:\Users\oliver.xu\AppData\Roaming\npm\node_modules\yarn\lib\cli.js:1625:59
      at Generator.next (<anonymous>)
      at step (C:\Users\oliver.xu\AppData\Roaming\npm\node_modules\yarn\lib\cli.js:310:30)
      at C:\Users\oliver.xu\AppData\Roaming\npm\node_modules\yarn\lib\cli.js:321:13

npm manifest: 
  {
    "name": "@byteinspire-template/koa",
    "version": "0.0.5",
    "files": [
      "*",
      "!.*",
      ".gitignore"
    ],
    "dependencies": {
      "@byteinspire/api": "^1.0.5",
      "@koa/router": "^8.0.2",
      "koa": "^2.11.0",
      "koa-body": "^4.1.1",
      "koa-static": "^5.0.0"
    },
    "devDependencies": {
      "@typescript-eslint/eslint-plugin": "^4.28.5",
      "@typescript-eslint/parser": "^4.28.5",
    },
    "publishConfig": {
      "access": "public",
      "registry": "https://registry.npmjs.org"
    },
    "repository": {},
    "license": "ISC",
    "scripts": {
      "dev": "inspirecloud dev",
      "build": "inspirecloud deploy"
    }
  }

yarn manifest: 
  No manifest

Lockfile: 
  No lockfile
